<?xml version="1.0" encoding="UTF-8"?>
<!-- Generated by org.testng.reporters.JUnitReportReporter -->
<testsuite hostname="Desktop-Monitor-2nd-Floor-Room3" failures="0" tests="3" name="runner.RunnerClass" time="36.392" errors="0" timestamp="2024-03-28T09:01:15 IST" skipped="0">
  <testcase classname="runner.RunnerClass" name="runScenario" time="14.229"/>
  <testcase classname="runner.RunnerClass" name="runScenario" time="10.940"/>
  <testcase classname="runner.RunnerClass" name="runScenario" time="11.223"/>
</testsuite> <!-- runner.RunnerClass -->
